$ git clone "git@bitbucket.org:ubirimi137/products.git" "/var/www/ubirimi/releases/20150105133010" --branch="master" --depth="1"
git clone "git@bitbucket.org:ubirimi137/products.git" "/var/www/ubirimi/releases/20150105133010" --branch="master" --depth="1"
Cloning into '/var/www/ubirimi/releases/20150105133010'...
Checking connectivity... done
$ cd /var/www/ubirimi/releases/20150105133010
$ git submodule update --init --recursive
cd /var/www/ubirimi/releases/20150105133010
git submodule update --init --recursive

which: no bundle in (/usr/local/sbin:/usr/local/bin:/sbin:/bin:/usr/sbin:/usr/bin)
which: no composer in (/usr/local/sbin:/usr/local/bin:/sbin:/bin:/usr/sbin:/usr/bin)
/var/www/ubirimi/releases/20150105133010/composer.phar
/usr/bin/php
$ cd /var/www/ubirimi/releases/20150105133010
$ /usr/bin/php /var/www/ubirimi/releases/20150105133010/composer.phar install --no-interaction --no-dev --prefer-dist
cd /var/www/ubirimi/releases/20150105133010
/usr/bin/php /var/www/ubirimi/releases/20150105133010/composer.phar install --no-interaction --no-dev --prefer-dist
PHP Warning:  PHP Startup: svn: Unable to initialize module
Module compiled with module API=20090626
PHP    compiled with module API=20100525
These options need to match
 in Unknown on line 0
Loading composer repositories with package information
Installing dependencies from lock file
Your requirements could not be resolved to an installable set of packages.

  Problem 1
    - Installation request for symfony/var-dumper 3.0.x-dev -> satisfiable by symfony/var-dumper[3.0.x-dev].
    - symfony/var-dumper 3.0.x-dev requires php >=5.5.9 -> no matching package found.
  Problem 2
    - Installation request for symfony/var-dumper dev-master -> satisfiable by symfony/var-dumper[dev-master].
    - symfony/var-dumper dev-master requires php >=5.5.9 -> no matching package found.

Potential causes:
 - A typo in the package name
 - The package is not available in a stable-enough version according to your minimum-stability setting
   see <https://groups.google.com/d/topic/composer-dev/_g3ASeIFlrc/discussion> for more details.

Read <http://getcomposer.org/doc/articles/troubleshooting.md> for further common problems.
which: no npm in (/usr/local/sbin:/usr/local/bin:/sbin:/bin:/usr/sbin:/usr/bin)
which: no bower in (/usr/local/sbin:/usr/local/bin:/sbin:/bin:/usr/sbin:/usr/bin)
which: no bower in (/var/www/ubirimi/releases/20150105133010/node_modules/.bin)
$ cd /var/www/ubirimi/releases/20150105133010
$ chmod -R 755 /var/www/ubirimi/releases/20150105133010/app/database/production.sqlite
$ chmod -R g+s /var/www/ubirimi/releases/20150105133010/app/database/production.sqlite
$ chown -R www-data:www-data /var/www/ubirimi/releases/20150105133010/app/database/production.sqlite
cd /var/www/ubirimi/releases/20150105133010
chmod -R 755 /var/www/ubirimi/releases/20150105133010/app/database/production.sqlite
chmod -R g+s /var/www/ubirimi/releases/20150105133010/app/database/production.sqlite
chown -R www-data:www-data /var/www/ubirimi/releases/20150105133010/app/database/production.sqlite
chmod: cannot access `/var/www/ubirimi/releases/20150105133010/app/database/production.sqlite': No such file or directory
$ cd /var/www/ubirimi/releases/20150105133010
$ chmod -R 755 /var/www/ubirimi/releases/20150105133010/
$ chmod -R g+s /var/www/ubirimi/releases/20150105133010/
$ chown -R www-data:www-data /var/www/ubirimi/releases/20150105133010/
cd /var/www/ubirimi/releases/20150105133010
chmod -R 755 /var/www/ubirimi/releases/20150105133010/
chmod -R g+s /var/www/ubirimi/releases/20150105133010/
chown -R www-data:www-data /var/www/ubirimi/releases/20150105133010/
chown: invalid user: `www-data:www-data'
$ cd /var/www/ubirimi/releases/20150105133010
$ chmod -R 755 /var/www/ubirimi/releases/20150105133010/
$ chmod -R g+s /var/www/ubirimi/releases/20150105133010/
$ chown -R www-data:www-data /var/www/ubirimi/releases/20150105133010/
cd /var/www/ubirimi/releases/20150105133010
chmod -R 755 /var/www/ubirimi/releases/20150105133010/
chmod -R g+s /var/www/ubirimi/releases/20150105133010/
chown -R www-data:www-data /var/www/ubirimi/releases/20150105133010/
chown: invalid user: `www-data:www-data'
$ rm -rf /var/www/ubirimi/current
rm -rf /var/www/ubirimi/current

$ ln -s /var/www/ubirimi/releases/20150105133010 /var/www/ubirimi/current-temp
$ mv -Tf /var/www/ubirimi/current-temp /var/www/ubirimi/current
ln -s /var/www/ubirimi/releases/20150105133010 /var/www/ubirimi/current-temp
mv -Tf /var/www/ubirimi/current-temp /var/www/ubirimi/current

|=> No releases to prune from the server